<?xml version="1.0" encoding="UTF-8"?>
<!-- Generated by org.testng.reporters.JUnitXMLReporter -->
<testsuite ignored="0" hostname="DESKTOP-KMNS09Q" failures="0" tests="20" name="Test" time="62.185" errors="0" timestamp="2022-03-02T15:53:51 ICT">
  <testcase classname="LoginOps.Alarm" name="BlankValue" time="1.483"/>
  <testcase classname="LoginOps.Alarm" name="LetterValue" time="1.435"/>
  <testcase classname="LoginOps.Alarm" name="OutValue" time="1.757"/>
  <testcase classname="LoginOps.Alarm" name="PassValue" time="1.631"/>
  <testcase classname="LoginOps.Alarm" name="SpecialCharValue" time="1.476"/>
  <testcase classname="LoginOps.MaxConcurrentssPerUser" name="BlankValue" time="1.51"/>
  <testcase classname="LoginOps.MaxConcurrentssPerUser" name="LetterValue" time="2.082"/>
  <testcase classname="LoginOps.MaxConcurrentssPerUser" name="OutValue" time="1.451"/>
  <testcase classname="LoginOps.MaxConcurrentssPerUser" name="PassValue" time="1.605"/>
  <testcase classname="LoginOps.MaxConcurrentssPerUser" name="SpecialCharValue" time="1.513"/>
  <testcase classname="LoginOps.MaxConcurrentSs" name="BlankValue" time="1.446"/>
  <testcase classname="LoginOps.MaxConcurrentSs" name="LetterValue" time="1.402"/>
  <testcase classname="LoginOps.MaxConcurrentSs" name="OutValue" time="2.675"/>
  <testcase classname="LoginOps.MaxConcurrentSs" name="PassValue" time="1.836"/>
  <testcase classname="LoginOps.MaxConcurrentSs" name="SpecialCharValue" time="1.505"/>
  <testcase classname="LoginOps.timeOut" name="BlankValue" time="1.772"/>
  <testcase classname="LoginOps.timeOut" name="LetterValue" time="1.403"/>
  <testcase classname="LoginOps.timeOut" name="OutValue" time="1.376"/>
  <testcase classname="LoginOps.timeOut" name="PassValue" time="1.59"/>
  <testcase classname="LoginOps.timeOut" name="SpecialCharValue" time="1.665"/>
</testsuite> <!-- Test -->
