<?xml version="1.0" encoding="UTF-8"?>
<!-- Generated by org.testng.reporters.JUnitXMLReporter -->
<testsuite ignored="0" hostname="DESKTOP-KMNS09Q" failures="0" tests="5" name="Default test" time="16.773" errors="0" timestamp="2022-03-02T15:52:36 ICT">
  <testcase classname="LoginOps.timeOut" name="BlankValue" time="1.463"/>
  <testcase classname="LoginOps.timeOut" name="LetterValue" time="1.762"/>
  <testcase classname="LoginOps.timeOut" name="OutValue" time="1.612"/>
  <testcase classname="LoginOps.timeOut" name="PassValue" time="2.043"/>
  <testcase classname="LoginOps.timeOut" name="SpecialCharValue" time="1.506"/>
</testsuite> <!-- Default test -->
