<?xml version="1.0" encoding="UTF-8"?>
<testng-results ignored="0" total="20" passed="20" failed="0" skipped="0">
  <reporter-output>
  </reporter-output>
  <suite started-at="2022-03-02T15:52:49 ICT" name="Suite" finished-at="2022-03-02T15:53:51 ICT" duration-ms="62185">
    <groups>
    </groups>
    <test started-at="2022-03-02T15:52:49 ICT" name="Test" finished-at="2022-03-02T15:53:51 ICT" duration-ms="62185">
      <class name="LoginOps.MaxConcurrentSs">
        <test-method is-config="true" signature="sUp()[pri:0, instance:LoginOps.MaxConcurrentSs@1e683a3e]" started-at="2022-03-02T15:53:20 ICT" name="sUp" finished-at="2022-03-02T15:53:22 ICT" duration-ms="1188" status="PASS">
          <reporter-output>
          </reporter-output>
        </test-method> <!-- sUp -->
        <test-method signature="BlankValue()[pri:0, instance:LoginOps.MaxConcurrentSs@1e683a3e]" started-at="2022-03-02T15:53:22 ICT" name="BlankValue" finished-at="2022-03-02T15:53:23 ICT" duration-ms="1446" status="PASS">
          <reporter-output>
          </reporter-output>
        </test-method> <!-- BlankValue -->
        <test-method is-config="true" signature="close()[pri:0, instance:LoginOps.MaxConcurrentSs@1e683a3e]" started-at="2022-03-02T15:53:23 ICT" name="close" finished-at="2022-03-02T15:53:23 ICT" duration-ms="88" status="PASS">
          <reporter-output>
          </reporter-output>
        </test-method> <!-- close -->
        <test-method is-config="true" signature="sUp()[pri:0, instance:LoginOps.MaxConcurrentSs@1e683a3e]" started-at="2022-03-02T15:53:23 ICT" name="sUp" finished-at="2022-03-02T15:53:24 ICT" duration-ms="1331" status="PASS">
          <reporter-output>
          </reporter-output>
        </test-method> <!-- sUp -->
        <test-method signature="LetterValue()[pri:0, instance:LoginOps.MaxConcurrentSs@1e683a3e]" started-at="2022-03-02T15:53:24 ICT" name="LetterValue" finished-at="2022-03-02T15:53:26 ICT" duration-ms="1402" status="PASS">
          <reporter-output>
          </reporter-output>
        </test-method> <!-- LetterValue -->
        <test-method is-config="true" signature="close()[pri:0, instance:LoginOps.MaxConcurrentSs@1e683a3e]" started-at="2022-03-02T15:53:26 ICT" name="close" finished-at="2022-03-02T15:53:26 ICT" duration-ms="71" status="PASS">
          <reporter-output>
          </reporter-output>
        </test-method> <!-- close -->
        <test-method is-config="true" signature="sUp()[pri:0, instance:LoginOps.MaxConcurrentSs@1e683a3e]" started-at="2022-03-02T15:53:26 ICT" name="sUp" finished-at="2022-03-02T15:53:27 ICT" duration-ms="1438" status="PASS">
          <reporter-output>
          </reporter-output>
        </test-method> <!-- sUp -->
        <test-method signature="OutValue()[pri:0, instance:LoginOps.MaxConcurrentSs@1e683a3e]" started-at="2022-03-02T15:53:27 ICT" name="OutValue" finished-at="2022-03-02T15:53:30 ICT" duration-ms="2675" status="PASS">
          <reporter-output>
          </reporter-output>
        </test-method> <!-- OutValue -->
        <test-method is-config="true" signature="close()[pri:0, instance:LoginOps.MaxConcurrentSs@1e683a3e]" started-at="2022-03-02T15:53:30 ICT" name="close" finished-at="2022-03-02T15:53:30 ICT" duration-ms="64" status="PASS">
          <reporter-output>
          </reporter-output>
        </test-method> <!-- close -->
        <test-method is-config="true" signature="sUp()[pri:0, instance:LoginOps.MaxConcurrentSs@1e683a3e]" started-at="2022-03-02T15:53:30 ICT" name="sUp" finished-at="2022-03-02T15:53:32 ICT" duration-ms="1392" status="PASS">
          <reporter-output>
          </reporter-output>
        </test-method> <!-- sUp -->
        <test-method signature="PassValue()[pri:0, instance:LoginOps.MaxConcurrentSs@1e683a3e]" started-at="2022-03-02T15:53:32 ICT" name="PassValue" finished-at="2022-03-02T15:53:33 ICT" duration-ms="1836" status="PASS">
          <reporter-output>
          </reporter-output>
        </test-method> <!-- PassValue -->
        <test-method is-config="true" signature="close()[pri:0, instance:LoginOps.MaxConcurrentSs@1e683a3e]" started-at="2022-03-02T15:53:33 ICT" name="close" finished-at="2022-03-02T15:53:33 ICT" duration-ms="84" status="PASS">
          <reporter-output>
          </reporter-output>
        </test-method> <!-- close -->
        <test-method is-config="true" signature="sUp()[pri:0, instance:LoginOps.MaxConcurrentSs@1e683a3e]" started-at="2022-03-02T15:53:33 ICT" name="sUp" finished-at="2022-03-02T15:53:35 ICT" duration-ms="1356" status="PASS">
          <reporter-output>
          </reporter-output>
        </test-method> <!-- sUp -->
        <test-method signature="SpecialCharValue()[pri:0, instance:LoginOps.MaxConcurrentSs@1e683a3e]" started-at="2022-03-02T15:53:35 ICT" name="SpecialCharValue" finished-at="2022-03-02T15:53:36 ICT" duration-ms="1505" status="PASS">
          <reporter-output>
          </reporter-output>
        </test-method> <!-- SpecialCharValue -->
        <test-method is-config="true" signature="close()[pri:0, instance:LoginOps.MaxConcurrentSs@1e683a3e]" started-at="2022-03-02T15:53:36 ICT" name="close" finished-at="2022-03-02T15:53:36 ICT" duration-ms="65" status="PASS">
          <reporter-output>
          </reporter-output>
        </test-method> <!-- close -->
      </class> <!-- LoginOps.MaxConcurrentSs -->
      <class name="LoginOps.timeOut">
        <test-method is-config="true" signature="sUp()[pri:0, instance:LoginOps.timeOut@2053d869]" started-at="2022-03-02T15:53:36 ICT" name="sUp" finished-at="2022-03-02T15:53:38 ICT" duration-ms="1298" status="PASS">
          <reporter-output>
          </reporter-output>
        </test-method> <!-- sUp -->
        <test-method signature="BlankValue()[pri:0, instance:LoginOps.timeOut@2053d869]" started-at="2022-03-02T15:53:38 ICT" name="BlankValue" finished-at="2022-03-02T15:53:39 ICT" duration-ms="1772" status="PASS">
          <reporter-output>
          </reporter-output>
        </test-method> <!-- BlankValue -->
        <test-method is-config="true" signature="close()[pri:0, instance:LoginOps.timeOut@2053d869]" started-at="2022-03-02T15:53:39 ICT" name="close" finished-at="2022-03-02T15:53:40 ICT" duration-ms="85" status="PASS">
          <reporter-output>
          </reporter-output>
        </test-method> <!-- close -->
        <test-method is-config="true" signature="sUp()[pri:0, instance:LoginOps.timeOut@2053d869]" started-at="2022-03-02T15:53:40 ICT" name="sUp" finished-at="2022-03-02T15:53:41 ICT" duration-ms="1246" status="PASS">
          <reporter-output>
          </reporter-output>
        </test-method> <!-- sUp -->
        <test-method signature="LetterValue()[pri:0, instance:LoginOps.timeOut@2053d869]" started-at="2022-03-02T15:53:41 ICT" name="LetterValue" finished-at="2022-03-02T15:53:42 ICT" duration-ms="1403" status="PASS">
          <reporter-output>
          </reporter-output>
        </test-method> <!-- LetterValue -->
        <test-method is-config="true" signature="close()[pri:0, instance:LoginOps.timeOut@2053d869]" started-at="2022-03-02T15:53:42 ICT" name="close" finished-at="2022-03-02T15:53:42 ICT" duration-ms="65" status="PASS">
          <reporter-output>
          </reporter-output>
        </test-method> <!-- close -->
        <test-method is-config="true" signature="sUp()[pri:0, instance:LoginOps.timeOut@2053d869]" started-at="2022-03-02T15:53:42 ICT" name="sUp" finished-at="2022-03-02T15:53:44 ICT" duration-ms="1284" status="PASS">
          <reporter-output>
          </reporter-output>
        </test-method> <!-- sUp -->
        <test-method signature="OutValue()[pri:0, instance:LoginOps.timeOut@2053d869]" started-at="2022-03-02T15:53:44 ICT" name="OutValue" finished-at="2022-03-02T15:53:45 ICT" duration-ms="1376" status="PASS">
          <reporter-output>
          </reporter-output>
        </test-method> <!-- OutValue -->
        <test-method is-config="true" signature="close()[pri:0, instance:LoginOps.timeOut@2053d869]" started-at="2022-03-02T15:53:45 ICT" name="close" finished-at="2022-03-02T15:53:45 ICT" duration-ms="65" status="PASS">
          <reporter-output>
          </reporter-output>
        </test-method> <!-- close -->
        <test-method is-config="true" signature="sUp()[pri:0, instance:LoginOps.timeOut@2053d869]" started-at="2022-03-02T15:53:45 ICT" name="sUp" finished-at="2022-03-02T15:53:46 ICT" duration-ms="1323" status="PASS">
          <reporter-output>
          </reporter-output>
        </test-method> <!-- sUp -->
        <test-method signature="PassValue()[pri:0, instance:LoginOps.timeOut@2053d869]" started-at="2022-03-02T15:53:46 ICT" name="PassValue" finished-at="2022-03-02T15:53:48 ICT" duration-ms="1590" status="PASS">
          <reporter-output>
          </reporter-output>
        </test-method> <!-- PassValue -->
        <test-method is-config="true" signature="close()[pri:0, instance:LoginOps.timeOut@2053d869]" started-at="2022-03-02T15:53:48 ICT" name="close" finished-at="2022-03-02T15:53:48 ICT" duration-ms="112" status="PASS">
          <reporter-output>
          </reporter-output>
        </test-method> <!-- close -->
        <test-method is-config="true" signature="sUp()[pri:0, instance:LoginOps.timeOut@2053d869]" started-at="2022-03-02T15:53:48 ICT" name="sUp" finished-at="2022-03-02T15:53:49 ICT" duration-ms="1391" status="PASS">
          <reporter-output>
          </reporter-output>
        </test-method> <!-- sUp -->
        <test-method signature="SpecialCharValue()[pri:0, instance:LoginOps.timeOut@2053d869]" started-at="2022-03-02T15:53:49 ICT" name="SpecialCharValue" finished-at="2022-03-02T15:53:51 ICT" duration-ms="1665" status="PASS">
          <reporter-output>
          </reporter-output>
        </test-method> <!-- SpecialCharValue -->
        <test-method is-config="true" signature="close()[pri:0, instance:LoginOps.timeOut@2053d869]" started-at="2022-03-02T15:53:51 ICT" name="close" finished-at="2022-03-02T15:53:51 ICT" duration-ms="86" status="PASS">
          <reporter-output>
          </reporter-output>
        </test-method> <!-- close -->
      </class> <!-- LoginOps.timeOut -->
      <class name="LoginOps.MaxConcurrentssPerUser">
        <test-method is-config="true" signature="sUp()[pri:0, instance:LoginOps.MaxConcurrentssPerUser@2b48a640]" started-at="2022-03-02T15:53:05 ICT" name="sUp" finished-at="2022-03-02T15:53:07 ICT" duration-ms="1395" status="PASS">
          <reporter-output>
          </reporter-output>
        </test-method> <!-- sUp -->
        <test-method signature="BlankValue()[pri:0, instance:LoginOps.MaxConcurrentssPerUser@2b48a640]" started-at="2022-03-02T15:53:07 ICT" name="BlankValue" finished-at="2022-03-02T15:53:08 ICT" duration-ms="1510" status="PASS">
          <reporter-output>
          </reporter-output>
        </test-method> <!-- BlankValue -->
        <test-method is-config="true" signature="close()[pri:0, instance:LoginOps.MaxConcurrentssPerUser@2b48a640]" started-at="2022-03-02T15:53:08 ICT" name="close" finished-at="2022-03-02T15:53:08 ICT" duration-ms="77" status="PASS">
          <reporter-output>
          </reporter-output>
        </test-method> <!-- close -->
        <test-method is-config="true" signature="sUp()[pri:0, instance:LoginOps.MaxConcurrentssPerUser@2b48a640]" started-at="2022-03-02T15:53:08 ICT" name="sUp" finished-at="2022-03-02T15:53:09 ICT" duration-ms="1286" status="PASS">
          <reporter-output>
          </reporter-output>
        </test-method> <!-- sUp -->
        <test-method signature="LetterValue()[pri:0, instance:LoginOps.MaxConcurrentssPerUser@2b48a640]" started-at="2022-03-02T15:53:09 ICT" name="LetterValue" finished-at="2022-03-02T15:53:11 ICT" duration-ms="2082" status="PASS">
          <reporter-output>
          </reporter-output>
        </test-method> <!-- LetterValue -->
        <test-method is-config="true" signature="close()[pri:0, instance:LoginOps.MaxConcurrentssPerUser@2b48a640]" started-at="2022-03-02T15:53:11 ICT" name="close" finished-at="2022-03-02T15:53:12 ICT" duration-ms="60" status="PASS">
          <reporter-output>
          </reporter-output>
        </test-method> <!-- close -->
        <test-method is-config="true" signature="sUp()[pri:0, instance:LoginOps.MaxConcurrentssPerUser@2b48a640]" started-at="2022-03-02T15:53:12 ICT" name="sUp" finished-at="2022-03-02T15:53:13 ICT" duration-ms="1297" status="PASS">
          <reporter-output>
          </reporter-output>
        </test-method> <!-- sUp -->
        <test-method signature="OutValue()[pri:0, instance:LoginOps.MaxConcurrentssPerUser@2b48a640]" started-at="2022-03-02T15:53:13 ICT" name="OutValue" finished-at="2022-03-02T15:53:14 ICT" duration-ms="1451" status="PASS">
          <reporter-output>
          </reporter-output>
        </test-method> <!-- OutValue -->
        <test-method is-config="true" signature="close()[pri:0, instance:LoginOps.MaxConcurrentssPerUser@2b48a640]" started-at="2022-03-02T15:53:14 ICT" name="close" finished-at="2022-03-02T15:53:14 ICT" duration-ms="75" status="PASS">
          <reporter-output>
          </reporter-output>
        </test-method> <!-- close -->
        <test-method is-config="true" signature="sUp()[pri:0, instance:LoginOps.MaxConcurrentssPerUser@2b48a640]" started-at="2022-03-02T15:53:14 ICT" name="sUp" finished-at="2022-03-02T15:53:16 ICT" duration-ms="1296" status="PASS">
          <reporter-output>
          </reporter-output>
        </test-method> <!-- sUp -->
        <test-method signature="PassValue()[pri:0, instance:LoginOps.MaxConcurrentssPerUser@2b48a640]" started-at="2022-03-02T15:53:16 ICT" name="PassValue" finished-at="2022-03-02T15:53:17 ICT" duration-ms="1605" status="PASS">
          <reporter-output>
          </reporter-output>
        </test-method> <!-- PassValue -->
        <test-method is-config="true" signature="close()[pri:0, instance:LoginOps.MaxConcurrentssPerUser@2b48a640]" started-at="2022-03-02T15:53:17 ICT" name="close" finished-at="2022-03-02T15:53:17 ICT" duration-ms="67" status="PASS">
          <reporter-output>
          </reporter-output>
        </test-method> <!-- close -->
        <test-method is-config="true" signature="sUp()[pri:0, instance:LoginOps.MaxConcurrentssPerUser@2b48a640]" started-at="2022-03-02T15:53:17 ICT" name="sUp" finished-at="2022-03-02T15:53:19 ICT" duration-ms="1526" status="PASS">
          <reporter-output>
          </reporter-output>
        </test-method> <!-- sUp -->
        <test-method signature="SpecialCharValue()[pri:0, instance:LoginOps.MaxConcurrentssPerUser@2b48a640]" started-at="2022-03-02T15:53:19 ICT" name="SpecialCharValue" finished-at="2022-03-02T15:53:20 ICT" duration-ms="1513" status="PASS">
          <reporter-output>
          </reporter-output>
        </test-method> <!-- SpecialCharValue -->
        <test-method is-config="true" signature="close()[pri:0, instance:LoginOps.MaxConcurrentssPerUser@2b48a640]" started-at="2022-03-02T15:53:20 ICT" name="close" finished-at="2022-03-02T15:53:20 ICT" duration-ms="63" status="PASS">
          <reporter-output>
          </reporter-output>
        </test-method> <!-- close -->
      </class> <!-- LoginOps.MaxConcurrentssPerUser -->
      <class name="LoginOps.Alarm">
        <test-method is-config="true" signature="sUp()[pri:0, instance:LoginOps.Alarm@67080771]" started-at="2022-03-02T15:52:49 ICT" name="sUp" finished-at="2022-03-02T15:52:51 ICT" duration-ms="2122" status="PASS">
          <reporter-output>
          </reporter-output>
        </test-method> <!-- sUp -->
        <test-method signature="BlankValue()[pri:0, instance:LoginOps.Alarm@67080771]" started-at="2022-03-02T15:52:51 ICT" name="BlankValue" finished-at="2022-03-02T15:52:53 ICT" duration-ms="1483" status="PASS">
          <reporter-output>
          </reporter-output>
        </test-method> <!-- BlankValue -->
        <test-method is-config="true" signature="close()[pri:0, instance:LoginOps.Alarm@67080771]" started-at="2022-03-02T15:52:53 ICT" name="close" finished-at="2022-03-02T15:52:53 ICT" duration-ms="67" status="PASS">
          <reporter-output>
          </reporter-output>
        </test-method> <!-- close -->
        <test-method is-config="true" signature="sUp()[pri:0, instance:LoginOps.Alarm@67080771]" started-at="2022-03-02T15:52:53 ICT" name="sUp" finished-at="2022-03-02T15:52:54 ICT" duration-ms="1624" status="PASS">
          <reporter-output>
          </reporter-output>
        </test-method> <!-- sUp -->
        <test-method signature="LetterValue()[pri:0, instance:LoginOps.Alarm@67080771]" started-at="2022-03-02T15:52:54 ICT" name="LetterValue" finished-at="2022-03-02T15:52:56 ICT" duration-ms="1435" status="PASS">
          <reporter-output>
          </reporter-output>
        </test-method> <!-- LetterValue -->
        <test-method is-config="true" signature="close()[pri:0, instance:LoginOps.Alarm@67080771]" started-at="2022-03-02T15:52:56 ICT" name="close" finished-at="2022-03-02T15:52:56 ICT" duration-ms="82" status="PASS">
          <reporter-output>
          </reporter-output>
        </test-method> <!-- close -->
        <test-method is-config="true" signature="sUp()[pri:0, instance:LoginOps.Alarm@67080771]" started-at="2022-03-02T15:52:56 ICT" name="sUp" finished-at="2022-03-02T15:52:57 ICT" duration-ms="1314" status="PASS">
          <reporter-output>
          </reporter-output>
        </test-method> <!-- sUp -->
        <test-method signature="OutValue()[pri:0, instance:LoginOps.Alarm@67080771]" started-at="2022-03-02T15:52:57 ICT" name="OutValue" finished-at="2022-03-02T15:52:59 ICT" duration-ms="1757" status="PASS">
          <reporter-output>
          </reporter-output>
        </test-method> <!-- OutValue -->
        <test-method is-config="true" signature="close()[pri:0, instance:LoginOps.Alarm@67080771]" started-at="2022-03-02T15:52:59 ICT" name="close" finished-at="2022-03-02T15:52:59 ICT" duration-ms="81" status="PASS">
          <reporter-output>
          </reporter-output>
        </test-method> <!-- close -->
        <test-method is-config="true" signature="sUp()[pri:0, instance:LoginOps.Alarm@67080771]" started-at="2022-03-02T15:52:59 ICT" name="sUp" finished-at="2022-03-02T15:53:00 ICT" duration-ms="1202" status="PASS">
          <reporter-output>
          </reporter-output>
        </test-method> <!-- sUp -->
        <test-method signature="PassValue()[pri:0, instance:LoginOps.Alarm@67080771]" started-at="2022-03-02T15:53:00 ICT" name="PassValue" finished-at="2022-03-02T15:53:02 ICT" duration-ms="1631" status="PASS">
          <reporter-output>
          </reporter-output>
        </test-method> <!-- PassValue -->
        <test-method is-config="true" signature="close()[pri:0, instance:LoginOps.Alarm@67080771]" started-at="2022-03-02T15:53:02 ICT" name="close" finished-at="2022-03-02T15:53:02 ICT" duration-ms="64" status="PASS">
          <reporter-output>
          </reporter-output>
        </test-method> <!-- close -->
        <test-method is-config="true" signature="sUp()[pri:0, instance:LoginOps.Alarm@67080771]" started-at="2022-03-02T15:53:02 ICT" name="sUp" finished-at="2022-03-02T15:53:04 ICT" duration-ms="1695" status="PASS">
          <reporter-output>
          </reporter-output>
        </test-method> <!-- sUp -->
        <test-method signature="SpecialCharValue()[pri:0, instance:LoginOps.Alarm@67080771]" started-at="2022-03-02T15:53:04 ICT" name="SpecialCharValue" finished-at="2022-03-02T15:53:05 ICT" duration-ms="1476" status="PASS">
          <reporter-output>
          </reporter-output>
        </test-method> <!-- SpecialCharValue -->
        <test-method is-config="true" signature="close()[pri:0, instance:LoginOps.Alarm@67080771]" started-at="2022-03-02T15:53:05 ICT" name="close" finished-at="2022-03-02T15:53:05 ICT" duration-ms="63" status="PASS">
          <reporter-output>
          </reporter-output>
        </test-method> <!-- close -->
      </class> <!-- LoginOps.Alarm -->
    </test> <!-- Test -->
  </suite> <!-- Suite -->
</testng-results>
